2016-03-01 14:57:30 [-][-][-][error][yii\console\Exception] exception 'yii\base\InvalidRouteException' with message 'Unable to resolve the request "-migrate".' in D:\xampp\htdocs\Zend Studio\CourseManagement\vendor\yiisoft\yii2\base\Module.php:461
Stack trace:
#0 D:\xampp\htdocs\Zend Studio\CourseManagement\vendor\yiisoft\yii2\console\Application.php(167): yii\base\Module->runAction('-migrate', Array)
#1 D:\xampp\htdocs\Zend Studio\CourseManagement\vendor\yiisoft\yii2\console\Application.php(143): yii\console\Application->runAction('-migrate', Array)
#2 D:\xampp\htdocs\Zend Studio\CourseManagement\vendor\yiisoft\yii2\base\Application.php(375): yii\console\Application->handleRequest(Object(yii\console\Request))
#3 D:\xampp\htdocs\Zend Studio\CourseManagement\yii(27): yii\base\Application->run()
#4 {main}

Next exception 'yii\console\Exception' with message 'Unknown command "-migrate".' in D:\xampp\htdocs\Zend Studio\CourseManagement\vendor\yiisoft\yii2\console\Application.php:169
Stack trace:
#0 D:\xampp\htdocs\Zend Studio\CourseManagement\vendor\yiisoft\yii2\console\Application.php(143): yii\console\Application->runAction('-migrate', Array)
#1 D:\xampp\htdocs\Zend Studio\CourseManagement\vendor\yiisoft\yii2\base\Application.php(375): yii\console\Application->handleRequest(Object(yii\console\Request))
#2 D:\xampp\htdocs\Zend Studio\CourseManagement\yii(27): yii\base\Application->run()
#3 {main}
2016-03-01 14:57:30 [-][-][-][info][application] $_SERVER = [
    'ALLUSERSPROFILE' => 'C:\\ProgramData'
    'APPDATA' => 'C:\\Users\\niepeng\\AppData\\Roaming'
    'CLASSPATH' => '.;C:\\Program Files (x86)\\Java\\jdk1.8.0_45\\lib;C:\\Program Files (x86)\\Java\\jdk1.8.0_45\\lib\\tools.jar'
    'CommonProgramFiles' => 'C:\\Program Files (x86)\\Common Files'
    'CommonProgramFiles(x86)' => 'C:\\Program Files (x86)\\Common Files'
    'CommonProgramW6432' => 'C:\\Program Files\\Common Files'
    'COMPUTERNAME' => 'NP-PC'
    'ComSpec' => 'C:\\Windows\\system32\\cmd.exe'
    'FP_NO_HOST_CHECK' => 'NO'
    'HOMEDRIVE' => 'C:'
    'HOMEPATH' => '\\Users\\niepeng'
    'JAVA_HOME' => 'C:\\Program Files (x86)\\Java\\jdk1.8.0_45'
    'LOCALAPPDATA' => 'C:\\Users\\niepeng\\AppData\\Local'
    'LOGONSERVER' => '\\\\MicrosoftAccount'
    'NUMBER_OF_PROCESSORS' => '8'
    'OS' => 'Windows_NT'
    'Path' => 'D:\\Python35\\Scripts\\;D:\\Python35\\;C:\\ProgramData\\Oracle\\Java\\javapath;C:\\Program Files (x86)\\Common Files\\NetSarang;C:\\Program Files (x86)\\NVIDIA Corporation\\PhysX\\Common;C:\\Windows\\system32;C:\\Windows;C:\\Windows\\System32\\Wbem;C:\\Windows\\System32\\WindowsPowerShell\\v1.0\\;C:\\Program Files\\Intel\\WiFi\\bin\\;C:\\Program Files\\Common Files\\Intel\\WirelessCommon\\;D:\\Program Files (x86)\\Microsoft SQL Server\\100\\Tools\\Binn\\;C:\\Program Files\\Microsoft SQL Server\\100\\Tools\\Binn\\;C:\\Program Files\\Microsoft SQL Server\\100\\DTS\\Binn\\;D:\\Program Files (x86)\\Microsoft SQL Server\\100\\Tools\\Binn\\VSShell\\Common7\\IDE\\;C:\\Program Files (x86)\\Microsoft Visual Studio 9.0\\Common7\\IDE\\PrivateAssemblies\\;D:\\Program Files (x86)\\Microsoft SQL Server\\100\\DTS\\Binn\\;C:\\Program Files (x86)\\Windows Kits\\8.1\\Windows Performance Toolkit\\;C:\\Program Files\\Microsoft SQL Server\\110\\Tools\\Binn\\;C:\\Program Files (x86)\\Microsoft SDKs\\TypeScript\\1.0\\;C:\\Program Files\\nodejs\\;C:\\Program Files\\TortoiseSVN\\bin;C:\\program files (x86)\\skype\\Phone\\;C:\\Program Files (x86)\\Java\\jdk1.8.0_45\\bin;C:\\Program Files (x86)\\Java\\jdk1.8.0_45\\jre\\bin;D:\\xampp\\mysql\\bin;C:\\Program Files\\Microsoft\\Web Platform Installer\\;D:\\Python35;D:\\Python35\\Scripts;D:\\SciSoft\\TDM-GCC-64\\bin;D:\\xampp\\php;C:\\ProgramData\\ComposerSetup\\bin;C:\\Program Files\\Intel\\WiFi\\bin\\;C:\\Program Files\\Common Files\\Intel\\WirelessCommon\\;C:\\Users\\niepeng\\AppData\\Roaming\\npm;d:\\Program Files (x86)\\SSH Communications Security\\SSH Secure Shell'
    'PATHEXT' => '.COM;.EXE;.BAT;.CMD;.VBS;.VBE;.JS;.JSE;.WSF;.WSH;.MSC;.PY;.PYW'
    'PHP_COMMAND' => 'php.exe'
    'PROCESSOR_ARCHITECTURE' => 'x86'
    'PROCESSOR_ARCHITEW6432' => 'AMD64'
    'PROCESSOR_IDENTIFIER' => 'Intel64 Family 6 Model 60 Stepping 3, GenuineIntel'
    'PROCESSOR_LEVEL' => '6'
    'PROCESSOR_REVISION' => '3c03'
    'ProgramData' => 'C:\\ProgramData'
    'ProgramFiles' => 'C:\\Program Files (x86)'
    'ProgramFiles(x86)' => 'C:\\Program Files (x86)'
    'ProgramW6432' => 'C:\\Program Files'
    'PROMPT' => '$P$G'
    'PSModulePath' => 'C:\\Windows\\system32\\WindowsPowerShell\\v1.0\\Modules\\'
    'PUBLIC' => 'C:\\Users\\Public'
    'SESSIONNAME' => 'Console'
    'SystemDrive' => 'C:'
    'SystemRoot' => 'C:\\Windows'
    'TEMP' => 'C:\\Users\\niepeng\\AppData\\Local\\Temp'
    'TMP' => 'C:\\Users\\niepeng\\AppData\\Local\\Temp'
    'USERDOMAIN' => 'NP-PC'
    'USERDOMAIN_ROAMINGPROFILE' => 'NP-PC'
    'USERNAME' => 'niepeng'
    'USERPROFILE' => 'C:\\Users\\niepeng'
    'VS100COMNTOOLS' => 'C:\\Program Files (x86)\\Microsoft Visual Studio 10.0\\Common7\\Tools\\'
    'VS110COMNTOOLS' => 'C:\\Program Files (x86)\\Microsoft Visual Studio 11.0\\Common7\\Tools\\'
    'VS120COMNTOOLS' => 'C:\\Program Files (x86)\\Microsoft Visual Studio 12.0\\Common7\\Tools\\'
    'windir' => 'C:\\Windows'
    'YII_PATH' => 'D:\\xampp\\htdocs\\Zend Studio\\CourseManagement\\'
    'PHP_SELF' => 'D:\\xampp\\htdocs\\Zend Studio\\CourseManagement\\yii'
    'SCRIPT_NAME' => 'D:\\xampp\\htdocs\\Zend Studio\\CourseManagement\\yii'
    'SCRIPT_FILENAME' => 'D:\\xampp\\htdocs\\Zend Studio\\CourseManagement\\yii'
    'PATH_TRANSLATED' => 'D:\\xampp\\htdocs\\Zend Studio\\CourseManagement\\yii'
    'DOCUMENT_ROOT' => ''
    'REQUEST_TIME_FLOAT' => 1456840650.2895
    'REQUEST_TIME' => 1456840650
    'argv' => [
        0 => 'D:\\xampp\\htdocs\\Zend Studio\\CourseManagement\\yii'
        1 => '-migrate'
    ]
    'argc' => 2
]
