2016-03-06 15:28:55 [::1][-][nut2rgmshuu85d7qg2dn8851v1][error][yii\web\HttpException:400] exception 'yii\web\BadRequestHttpException' with message 'Unable to verify your data submission.' in D:\xampp\htdocs\Zend Studio\CourseManagement\vendor\yiisoft\yii2\web\Controller.php:110
Stack trace:
#0 D:\xampp\htdocs\Zend Studio\CourseManagement\vendor\yiisoft\yii2\base\Controller.php(149): yii\web\Controller->beforeAction(Object(yii\base\InlineAction))
#1 D:\xampp\htdocs\Zend Studio\CourseManagement\vendor\yiisoft\yii2\base\Module.php(455): yii\base\Controller->runAction('login', Array)
#2 D:\xampp\htdocs\Zend Studio\CourseManagement\vendor\yiisoft\yii2\web\Application.php(84): yii\base\Module->runAction('site/login', Array)
#3 D:\xampp\htdocs\Zend Studio\CourseManagement\vendor\yiisoft\yii2\base\Application.php(375): yii\web\Application->handleRequest(Object(yii\web\Request))
#4 D:\xampp\htdocs\Zend Studio\CourseManagement\backend\web\index.php(18): yii\base\Application->run()
#5 {main}
2016-03-06 15:28:55 [::1][-][nut2rgmshuu85d7qg2dn8851v1][info][application] $_GET = [
    'r' => 'site/login'
]

$_POST = [
    '_csrf' => 'Ti1yMEU3cy0jHkQBFH4mYj1sFHw/bRRlAmoIfBpgHRw7ZkdFDW4Xaw=='
    'LoginForm' => [
        'username' => 'admin'
        'password' => 'huasheng'
        'rememberMe' => '1'
    ]
    'login-button' => ''
]

$_COOKIE = [
    'JCmx_2132_ulastactivity' => '7644q+WVoDwGoufpKA40LMAugK8RHvV4/RYVZS1jQ6VxF8IsgSYz'
    'JCmx_2132_lastcheckfeed' => '1|1429785874'
    'bdshare_firstime' => '1450630078999'
    'ebak_loginlangid' => '0'
    '_csrf' => 'b385af3e8c3953b9e773745639361d86c1d3ec995bd716c80486a0e5c0320880a:2:{i:0;s:5:\"_csrf\";i:1;s:32:\"TAbATtSNeYt_pNK-WFxL0Khp-6FVmQq2\";}'
    'PHPSESSID' => 'nut2rgmshuu85d7qg2dn8851v1'
]

$_SESSION = [
    '__flash' => []
    '__returnUrl' => '/Zend%20Studio/CourseManagement/frontend/web/index.php'
]

$_SERVER = [
    'MIBDIRS' => 'D:/xampp/php/extras/mibs'
    'MYSQL_HOME' => '\\xampp\\mysql\\bin'
    'OPENSSL_CONF' => 'D:/xampp/apache/bin/openssl.cnf'
    'PHP_PEAR_SYSCONF_DIR' => '\\xampp\\php'
    'PHPRC' => '\\xampp\\php'
    'TMP' => '\\xampp\\tmp'
    'HTTP_HOST' => 'localhost'
    'HTTP_CONNECTION' => 'keep-alive'
    'CONTENT_LENGTH' => '201'
    'HTTP_CACHE_CONTROL' => 'max-age=0'
    'HTTP_ACCEPT' => 'text/html,application/xhtml+xml,application/xml;q=0.9,image/webp,*/*;q=0.8'
    'HTTP_ORIGIN' => 'http://localhost'
    'HTTP_USER_AGENT' => 'Mozilla/5.0 (Windows NT 6.3; WOW64) AppleWebKit/537.36 (KHTML, like Gecko) Chrome/41.0.2243.0 Safari/537.36'
    'CONTENT_TYPE' => 'application/x-www-form-urlencoded'
    'HTTP_REFERER' => 'http://localhost/Zend%20Studio/CourseManagement/backend/web/index.php?r=site%2Flogin'
    'HTTP_ACCEPT_ENCODING' => 'gzip, deflate'
    'HTTP_ACCEPT_LANGUAGE' => 'zh-CN,zh;q=0.8'
    'HTTP_COOKIE' => 'JCmx_2132_ulastactivity=7644q%2BWVoDwGoufpKA40LMAugK8RHvV4%2FRYVZS1jQ6VxF8IsgSYz; JCmx_2132_lastcheckfeed=1%7C1429785874; bdshare_firstime=1450630078999; ebak_loginlangid=0; _csrf=b385af3e8c3953b9e773745639361d86c1d3ec995bd716c80486a0e5c0320880a%3A2%3A%7Bi%3A0%3Bs%3A5%3A%22_csrf%22%3Bi%3A1%3Bs%3A32%3A%22TAbATtSNeYt_pNK-WFxL0Khp-6FVmQq2%22%3B%7D; PHPSESSID=nut2rgmshuu85d7qg2dn8851v1'
    'PATH' => 'D:\\Python35\\Scripts\\;D:\\Python35\\;C:\\ProgramData\\Oracle\\Java\\javapath;C:\\Program Files (x86)\\Common Files\\NetSarang;C:\\Program Files (x86)\\NVIDIA Corporation\\PhysX\\Common;C:\\Windows\\system32;C:\\Windows;C:\\Windows\\System32\\Wbem;C:\\Windows\\System32\\WindowsPowerShell\\v1.0\\;C:\\Program Files\\Intel\\WiFi\\bin\\;C:\\Program Files\\Common Files\\Intel\\WirelessCommon\\;D:\\Program Files (x86)\\Microsoft SQL Server\\100\\Tools\\Binn\\;C:\\Program Files\\Microsoft SQL Server\\100\\Tools\\Binn\\;C:\\Program Files\\Microsoft SQL Server\\100\\DTS\\Binn\\;D:\\Program Files (x86)\\Microsoft SQL Server\\100\\Tools\\Binn\\VSShell\\Common7\\IDE\\;C:\\Program Files (x86)\\Microsoft Visual Studio 9.0\\Common7\\IDE\\PrivateAssemblies\\;D:\\Program Files (x86)\\Microsoft SQL Server\\100\\DTS\\Binn\\;C:\\Program Files (x86)\\Windows Kits\\8.1\\Windows Performance Toolkit\\;C:\\Program Files\\Microsoft SQL Server\\110\\Tools\\Binn\\;C:\\Program Files (x86)\\Microsoft SDKs\\TypeScript\\1.0\\;C:\\Program Files\\nodejs\\;C:\\Program Files\\TortoiseSVN\\bin;C:\\program files (x86)\\skype\\Phone\\;C:\\Program Files (x86)\\Java\\jdk1.8.0_45\\bin;C:\\Program Files (x86)\\Java\\jdk1.8.0_45\\jre\\bin;D:\\xampp\\mysql\\bin;C:\\Program Files\\Microsoft\\Web Platform Installer\\;D:\\Python35;D:\\Python35\\Scripts;D:\\SciSoft\\TDM-GCC-64\\bin;D:\\xampp\\php;C:\\ProgramData\\ComposerSetup\\bin;C:\\Program Files\\Intel\\WiFi\\bin\\;C:\\Program Files\\Common Files\\Intel\\WirelessCommon\\;C:\\Users\\niepeng\\AppData\\Roaming\\npm;d:\\Program Files (x86)\\SSH Communications Security\\SSH Secure Shell'
    'SystemRoot' => 'C:\\Windows'
    'COMSPEC' => 'C:\\Windows\\system32\\cmd.exe'
    'PATHEXT' => '.COM;.EXE;.BAT;.CMD;.VBS;.VBE;.JS;.JSE;.WSF;.WSH;.MSC;.PY;.PYW'
    'WINDIR' => 'C:\\Windows'
    'SERVER_SIGNATURE' => '<address>Apache/2.4.10 (Win32) OpenSSL/1.0.1i PHP/5.5.15 Server at localhost Port 80</address>
'
    'SERVER_SOFTWARE' => 'Apache/2.4.10 (Win32) OpenSSL/1.0.1i PHP/5.5.15'
    'SERVER_NAME' => 'localhost'
    'SERVER_ADDR' => '::1'
    'SERVER_PORT' => '80'
    'REMOTE_ADDR' => '::1'
    'DOCUMENT_ROOT' => 'D:/xampp/htdocs'
    'REQUEST_SCHEME' => 'http'
    'CONTEXT_PREFIX' => ''
    'CONTEXT_DOCUMENT_ROOT' => 'D:/xampp/htdocs'
    'SERVER_ADMIN' => 'postmaster@localhost'
    'SCRIPT_FILENAME' => 'D:/xampp/htdocs/Zend Studio/CourseManagement/backend/web/index.php'
    'REMOTE_PORT' => '56160'
    'GATEWAY_INTERFACE' => 'CGI/1.1'
    'SERVER_PROTOCOL' => 'HTTP/1.1'
    'REQUEST_METHOD' => 'POST'
    'QUERY_STRING' => 'r=site%2Flogin'
    'REQUEST_URI' => '/Zend%20Studio/CourseManagement/backend/web/index.php?r=site%2Flogin'
    'SCRIPT_NAME' => '/Zend Studio/CourseManagement/backend/web/index.php'
    'PHP_SELF' => '/Zend Studio/CourseManagement/backend/web/index.php'
    'REQUEST_TIME_FLOAT' => 1457274535.867
    'REQUEST_TIME' => 1457274535
]
2016-03-06 15:28:56 [::1][-][nut2rgmshuu85d7qg2dn8851v1][warning][yii\log\Dispatcher::dispatch] Unable to send log via yii\debug\LogTarget: Exception 'Exception' with message 'Serialization of 'Closure' is not allowed' 

in D:\xampp\htdocs\Zend Studio\CourseManagement\vendor\yiisoft\yii2-debug\LogTarget.php:58

Stack trace:
#0 D:\xampp\htdocs\Zend Studio\CourseManagement\vendor\yiisoft\yii2-debug\LogTarget.php(58): serialize(Array)
#1 D:\xampp\htdocs\Zend Studio\CourseManagement\vendor\yiisoft\yii2-debug\LogTarget.php(112): yii\debug\LogTarget->export(Array)
#2 D:\xampp\htdocs\Zend Studio\CourseManagement\vendor\yiisoft\yii2\log\Dispatcher.php(183): yii\debug\LogTarget->collect(Array, true)
#3 D:\xampp\htdocs\Zend Studio\CourseManagement\vendor\yiisoft\yii2\log\Logger.php(173): yii\log\Dispatcher->dispatch(Array, true)
#4 D:\xampp\htdocs\Zend Studio\CourseManagement\vendor\yiisoft\yii2\base\ErrorHandler.php(111): yii\log\Logger->flush(true)
#5 [internal function]: yii\base\ErrorHandler->handleException(Object(yii\web\BadRequestHttpException))
#6 {main}
2016-03-06 15:28:55 [::1][-][nut2rgmshuu85d7qg2dn8851v1][info][application] $_GET = [
    'r' => 'site/login'
]

$_POST = [
    '_csrf' => 'Ti1yMEU3cy0jHkQBFH4mYj1sFHw/bRRlAmoIfBpgHRw7ZkdFDW4Xaw=='
    'LoginForm' => [
        'username' => 'admin'
        'password' => 'huasheng'
        'rememberMe' => '1'
    ]
    'login-button' => ''
]

$_COOKIE = [
    'JCmx_2132_ulastactivity' => '7644q+WVoDwGoufpKA40LMAugK8RHvV4/RYVZS1jQ6VxF8IsgSYz'
    'JCmx_2132_lastcheckfeed' => '1|1429785874'
    'bdshare_firstime' => '1450630078999'
    'ebak_loginlangid' => '0'
    '_csrf' => 'b385af3e8c3953b9e773745639361d86c1d3ec995bd716c80486a0e5c0320880a:2:{i:0;s:5:\"_csrf\";i:1;s:32:\"TAbATtSNeYt_pNK-WFxL0Khp-6FVmQq2\";}'
    'PHPSESSID' => 'nut2rgmshuu85d7qg2dn8851v1'
]

$_SESSION = [
    '__flash' => []
    '__returnUrl' => '/Zend%20Studio/CourseManagement/frontend/web/index.php'
]

$_SERVER = [
    'MIBDIRS' => 'D:/xampp/php/extras/mibs'
    'MYSQL_HOME' => '\\xampp\\mysql\\bin'
    'OPENSSL_CONF' => 'D:/xampp/apache/bin/openssl.cnf'
    'PHP_PEAR_SYSCONF_DIR' => '\\xampp\\php'
    'PHPRC' => '\\xampp\\php'
    'TMP' => '\\xampp\\tmp'
    'HTTP_HOST' => 'localhost'
    'HTTP_CONNECTION' => 'keep-alive'
    'CONTENT_LENGTH' => '201'
    'HTTP_CACHE_CONTROL' => 'max-age=0'
    'HTTP_ACCEPT' => 'text/html,application/xhtml+xml,application/xml;q=0.9,image/webp,*/*;q=0.8'
    'HTTP_ORIGIN' => 'http://localhost'
    'HTTP_USER_AGENT' => 'Mozilla/5.0 (Windows NT 6.3; WOW64) AppleWebKit/537.36 (KHTML, like Gecko) Chrome/41.0.2243.0 Safari/537.36'
    'CONTENT_TYPE' => 'application/x-www-form-urlencoded'
    'HTTP_REFERER' => 'http://localhost/Zend%20Studio/CourseManagement/backend/web/index.php?r=site%2Flogin'
    'HTTP_ACCEPT_ENCODING' => 'gzip, deflate'
    'HTTP_ACCEPT_LANGUAGE' => 'zh-CN,zh;q=0.8'
    'HTTP_COOKIE' => 'JCmx_2132_ulastactivity=7644q%2BWVoDwGoufpKA40LMAugK8RHvV4%2FRYVZS1jQ6VxF8IsgSYz; JCmx_2132_lastcheckfeed=1%7C1429785874; bdshare_firstime=1450630078999; ebak_loginlangid=0; _csrf=b385af3e8c3953b9e773745639361d86c1d3ec995bd716c80486a0e5c0320880a%3A2%3A%7Bi%3A0%3Bs%3A5%3A%22_csrf%22%3Bi%3A1%3Bs%3A32%3A%22TAbATtSNeYt_pNK-WFxL0Khp-6FVmQq2%22%3B%7D; PHPSESSID=nut2rgmshuu85d7qg2dn8851v1'
    'PATH' => 'D:\\Python35\\Scripts\\;D:\\Python35\\;C:\\ProgramData\\Oracle\\Java\\javapath;C:\\Program Files (x86)\\Common Files\\NetSarang;C:\\Program Files (x86)\\NVIDIA Corporation\\PhysX\\Common;C:\\Windows\\system32;C:\\Windows;C:\\Windows\\System32\\Wbem;C:\\Windows\\System32\\WindowsPowerShell\\v1.0\\;C:\\Program Files\\Intel\\WiFi\\bin\\;C:\\Program Files\\Common Files\\Intel\\WirelessCommon\\;D:\\Program Files (x86)\\Microsoft SQL Server\\100\\Tools\\Binn\\;C:\\Program Files\\Microsoft SQL Server\\100\\Tools\\Binn\\;C:\\Program Files\\Microsoft SQL Server\\100\\DTS\\Binn\\;D:\\Program Files (x86)\\Microsoft SQL Server\\100\\Tools\\Binn\\VSShell\\Common7\\IDE\\;C:\\Program Files (x86)\\Microsoft Visual Studio 9.0\\Common7\\IDE\\PrivateAssemblies\\;D:\\Program Files (x86)\\Microsoft SQL Server\\100\\DTS\\Binn\\;C:\\Program Files (x86)\\Windows Kits\\8.1\\Windows Performance Toolkit\\;C:\\Program Files\\Microsoft SQL Server\\110\\Tools\\Binn\\;C:\\Program Files (x86)\\Microsoft SDKs\\TypeScript\\1.0\\;C:\\Program Files\\nodejs\\;C:\\Program Files\\TortoiseSVN\\bin;C:\\program files (x86)\\skype\\Phone\\;C:\\Program Files (x86)\\Java\\jdk1.8.0_45\\bin;C:\\Program Files (x86)\\Java\\jdk1.8.0_45\\jre\\bin;D:\\xampp\\mysql\\bin;C:\\Program Files\\Microsoft\\Web Platform Installer\\;D:\\Python35;D:\\Python35\\Scripts;D:\\SciSoft\\TDM-GCC-64\\bin;D:\\xampp\\php;C:\\ProgramData\\ComposerSetup\\bin;C:\\Program Files\\Intel\\WiFi\\bin\\;C:\\Program Files\\Common Files\\Intel\\WirelessCommon\\;C:\\Users\\niepeng\\AppData\\Roaming\\npm;d:\\Program Files (x86)\\SSH Communications Security\\SSH Secure Shell'
    'SystemRoot' => 'C:\\Windows'
    'COMSPEC' => 'C:\\Windows\\system32\\cmd.exe'
    'PATHEXT' => '.COM;.EXE;.BAT;.CMD;.VBS;.VBE;.JS;.JSE;.WSF;.WSH;.MSC;.PY;.PYW'
    'WINDIR' => 'C:\\Windows'
    'SERVER_SIGNATURE' => '<address>Apache/2.4.10 (Win32) OpenSSL/1.0.1i PHP/5.5.15 Server at localhost Port 80</address>
'
    'SERVER_SOFTWARE' => 'Apache/2.4.10 (Win32) OpenSSL/1.0.1i PHP/5.5.15'
    'SERVER_NAME' => 'localhost'
    'SERVER_ADDR' => '::1'
    'SERVER_PORT' => '80'
    'REMOTE_ADDR' => '::1'
    'DOCUMENT_ROOT' => 'D:/xampp/htdocs'
    'REQUEST_SCHEME' => 'http'
    'CONTEXT_PREFIX' => ''
    'CONTEXT_DOCUMENT_ROOT' => 'D:/xampp/htdocs'
    'SERVER_ADMIN' => 'postmaster@localhost'
    'SCRIPT_FILENAME' => 'D:/xampp/htdocs/Zend Studio/CourseManagement/backend/web/index.php'
    'REMOTE_PORT' => '56160'
    'GATEWAY_INTERFACE' => 'CGI/1.1'
    'SERVER_PROTOCOL' => 'HTTP/1.1'
    'REQUEST_METHOD' => 'POST'
    'QUERY_STRING' => 'r=site%2Flogin'
    'REQUEST_URI' => '/Zend%20Studio/CourseManagement/backend/web/index.php?r=site%2Flogin'
    'SCRIPT_NAME' => '/Zend Studio/CourseManagement/backend/web/index.php'
    'PHP_SELF' => '/Zend Studio/CourseManagement/backend/web/index.php'
    'REQUEST_TIME_FLOAT' => 1457274535.867
    'REQUEST_TIME' => 1457274535
]
2016-08-31 10:44:05 [192.168.190.106][-][-][warning][yii\debug\Module::checkAccess] Access to debugger is denied due to IP address restriction. The requesting IP address is 192.168.190.106
    in D:\xampp\htdocs\ZendStudio\CourseManagement\backend\views\layouts\main.php:73
    in D:\xampp\htdocs\ZendStudio\CourseManagement\backend\controllers\SiteController.php:73
2016-08-31 10:44:05 [192.168.190.106][-][-][info][application] $_GET = [
    'r' => 'site/login'
]

$_COOKIE = [
    'PHPSESSID' => 'l1m18njliu9c6hgvv9luqelsm3'
]

$_SESSION = [
    '__flash' => []
    '__returnUrl' => '/ZendStudio/CourseManagement/backend/web/'
]

$_SERVER = [
    'MIBDIRS' => 'D:/xampp/php/extras/mibs'
    'MYSQL_HOME' => '\\xampp\\mysql\\bin'
    'OPENSSL_CONF' => 'D:/xampp/apache/bin/openssl.cnf'
    'PHP_PEAR_SYSCONF_DIR' => '\\xampp\\php'
    'PHPRC' => '\\xampp\\php'
    'TMP' => '\\xampp\\tmp'
    'HTTP_HOST' => '192.168.190.117'
    'HTTP_CONNECTION' => 'keep-alive'
    'HTTP_UPGRADE_INSECURE_REQUESTS' => '1'
    'HTTP_USER_AGENT' => 'Mozilla/5.0 (Windows NT 10.0; WOW64) AppleWebKit/537.36 (KHTML, like Gecko) Chrome/52.0.2743.116 Safari/537.36'
    'HTTP_ACCEPT' => 'text/html,application/xhtml+xml,application/xml;q=0.9,image/webp,*/*;q=0.8'
    'HTTP_ACCEPT_ENCODING' => 'gzip, deflate, sdch'
    'HTTP_ACCEPT_LANGUAGE' => 'zh-CN,zh;q=0.8'
    'HTTP_COOKIE' => 'PHPSESSID=l1m18njliu9c6hgvv9luqelsm3'
    'PATH' => 'C:\\Program Files (x86)\\Common Files\\NetSarang;C:\\Program Files (x86)\\NVIDIA Corporation\\PhysX\\Common;C:\\WINDOWS\\system32;C:\\WINDOWS;C:\\WINDOWS\\System32\\Wbem;C:\\WINDOWS\\System32\\WindowsPowerShell\\v1.0\\;D:\\Program Files\\TortoiseSVN\\bin;C:\\Program Files\\Microsoft SQL Server\\110\\DTS\\Binn\\;D:\\Program Files\\Microsoft SQL Server\\110\\Tools\\Binn\\;C:\\Program Files\\Microsoft SQL Server\\110\\Tools\\Binn\\;D:\\Program Files\\Microsoft SQL Server\\110\\Tools\\Binn\\ManagementStudio\\;C:\\Program Files (x86)\\Microsoft Visual Studio 10.0\\Common7\\IDE\\PrivateAssemblies\\;D:\\Program Files\\Microsoft SQL Server\\110\\DTS\\Binn\\;C:\\WINDOWS\\system32\\config\\systemprofile\\.dnx\\bin;C:\\Program Files\\Microsoft DNX\\Dnvm\\;C:\\Program Files\\Microsoft SQL Server\\120\\Tools\\Binn\\;C:\\Program Files\\Microsoft SQL Server\\130\\Tools\\Binn\\;D:\\xampp\\php\\php.exe;D:\\xampp\\php\\'
    'SystemRoot' => 'C:\\WINDOWS'
    'COMSPEC' => 'C:\\WINDOWS\\system32\\cmd.exe'
    'PATHEXT' => '.COM;.EXE;.BAT;.CMD;.VBS;.VBE;.JS;.JSE;.WSF;.WSH;.MSC'
    'WINDIR' => 'C:\\WINDOWS'
    'SERVER_SIGNATURE' => '<address>Apache/2.4.10 (Win32) OpenSSL/1.0.1i PHP/5.5.15 Server at 192.168.190.117 Port 80</address>
'
    'SERVER_SOFTWARE' => 'Apache/2.4.10 (Win32) OpenSSL/1.0.1i PHP/5.5.15'
    'SERVER_NAME' => '192.168.190.117'
    'SERVER_ADDR' => '192.168.190.117'
    'SERVER_PORT' => '80'
    'REMOTE_ADDR' => '192.168.190.106'
    'DOCUMENT_ROOT' => 'D:/xampp/htdocs'
    'REQUEST_SCHEME' => 'http'
    'CONTEXT_PREFIX' => ''
    'CONTEXT_DOCUMENT_ROOT' => 'D:/xampp/htdocs'
    'SERVER_ADMIN' => 'postmaster@localhost'
    'SCRIPT_FILENAME' => 'D:/xampp/htdocs/ZendStudio/CourseManagement/backend/web/index.php'
    'REMOTE_PORT' => '60233'
    'GATEWAY_INTERFACE' => 'CGI/1.1'
    'SERVER_PROTOCOL' => 'HTTP/1.1'
    'REQUEST_METHOD' => 'GET'
    'QUERY_STRING' => 'r=site%2Flogin'
    'REQUEST_URI' => '/ZendStudio/CourseManagement/backend/web/index.php?r=site%2Flogin'
    'SCRIPT_NAME' => '/ZendStudio/CourseManagement/backend/web/index.php'
    'PHP_SELF' => '/ZendStudio/CourseManagement/backend/web/index.php'
    'REQUEST_TIME_FLOAT' => 1472611445.068
    'REQUEST_TIME' => 1472611445
]
